<?xml version="1.0" encoding="UTF-8"?>
<!-- Generated by org.testng.reporters.JUnitReportReporter -->
<testsuite hostname="Bhargavi" failures="0" tests="1" name="rahulshettyacademy.SeleniumFrameworkDgn.ErrorValidation" time="4.543" errors="0" timestamp="2024-09-06T13:09:36 IST" skipped="0">
  <testcase classname="rahulshettyacademy.SeleniumFrameworkDgn.ErrorValidation" name="standAloneTest1" time="4.543"/>
</testsuite> <!-- rahulshettyacademy.SeleniumFrameworkDgn.ErrorValidation -->
