<?xml version="1.0" encoding="UTF-8"?>
<!-- Generated by org.testng.reporters.JUnitReportReporter -->
<testsuite hostname="Bhargavi" failures="0" tests="2" name="rahulshettyacademy.SeleniumFrameworkDgn.ErrorValidation" time="11.182" errors="0" timestamp="2024-09-08T11:56:27 IST" skipped="0">
  <testcase classname="rahulshettyacademy.SeleniumFrameworkDgn.ErrorValidation" name="standAloneTest1" time="1.943"/>
  <testcase classname="rahulshettyacademy.SeleniumFrameworkDgn.ErrorValidation" name="productErrorValidation" time="9.239"/>
</testsuite> <!-- rahulshettyacademy.SeleniumFrameworkDgn.ErrorValidation -->
