<?xml version="1.0" encoding="UTF-8"?>
<!-- Generated by org.testng.reporters.JUnitReportReporter -->
<testsuite hostname="Bhargavi" failures="0" tests="3" name="rahulshettyacademy.SeleniumFrameworkDgn.standAlonetest2" time="22.618" errors="0" timestamp="2024-09-08T11:56:27 IST" skipped="0">
  <testcase classname="rahulshettyacademy.SeleniumFrameworkDgn.standAlonetest2" name="submitOrder" time="7.421"/>
  <testcase classname="rahulshettyacademy.SeleniumFrameworkDgn.standAlonetest2" name="OrderHistoryTest" time="4.999"/>
  <testcase classname="rahulshettyacademy.SeleniumFrameworkDgn.standAlonetest2" name="submitOrder" time="10.198"/>
</testsuite> <!-- rahulshettyacademy.SeleniumFrameworkDgn.standAlonetest2 -->
