<?xml version="1.0" encoding="UTF-8"?>
<!-- Generated by org.testng.reporters.JUnitReportReporter -->
<testsuite hostname="Bhargavi" failures="0" tests="1" name="cucumber.TestNGTestRunner" time="8.106" errors="0" timestamp="2024-09-10T11:12:40 IST" skipped="0">
  <testcase classname="cucumber.TestNGTestRunner" name="runScenario" time="8.106"/>
</testsuite> <!-- cucumber.TestNGTestRunner -->
